^?ELF^B^A^A^@^@^@^@^@^@^@^@^@^B^@>^@^A^@^@^@p^G@^@^@^@^@^@@^@^@^@^@^@^@^@  ^[^@^@^@^@^@^@^@^@^@^@@^@8^@  ^@@^@^^^@^[^@^F^@^@^@^E^@^@^@@^@^@^@^@^@^@^@@^@@^@^@^@^@^@@^@@^@^@^@^^@  ^A^@^@^@^@^@^@  ^A^@^@^@^@^@^@^H^@^@^@^@^@^@^@^C^@^@^@^D^@^@^@8^B^@^@^@^@^@^@8^B@^@^@^@^@^@8^B@^@^@^@^@^@^\^@^@^@^@^@^@^@^\^@^@^@^@^@^@^@^A^@^@^@^@^@^@^@^A^@^@^@^E^@^@^@^@^@^@^@^@^@^@^@^@@^@^@^@^@^@^@^@@^@^@^@^@^@  ^L^@^@^@^@^@^@  ^L^@^@^@^@^@^@^@^@ ^@^@^@^@^@^A^@^@^@^F^@^@^@^P^N^@^@^@^@^@^@^P^N`^@^@^@^@^@^P^N`^@^@^@^@^@t^B^@^@^@^@^@^@<88>^B^@^@^@^@^@^@^@ ^@^@^@^@^@^B^@^@^@^F^@^@^@(^N^@^@^@^@^@^@(^N`^@^@^@^@^@(^N`^@^@^@^@^@  ^A^@^@^@^@^@^@  ^A^@^@^@^@^@^@^H^@^@^@^@^@^@^@^D^@^@^@^D^@^@^@T^B^@^@^@^@^@^@T^B@^@^@^@^@T^B@^@^@^@^@^@D^@^@^@^@^@^@^@D^@^@^@^@^@^@^@^D^@^@^@^@^@^@^@P  td^D^@^@^@  ^K^@^@^@^@^@^@  ^K@^@^@^@^@^@  ^K@^@^@^@^@^@4^@^@^@^@^@^@^@4^@^@^@^@^@^@^@^D^@^@^@^@^@^@^@Q  td^F^@@^@^@^@^@^@^@^@^@^@^@^@^@^@^@^@^@^@^@^@^@^@^@^@^@^@^@^@^@^@^@^@^@^@^@^@^@^@^@^@^P^@^@^@^@^@^@^@R  td^D^@^@^@^P^N^@^@^@^@^@^@^P^N`^@^@^@^@^@^P^N`^@^@^@^@^@  ^A^@^@^@^@^@^@  ^A@^@^@^@^@^A^@^@^@^@^@^@^@/lib64/ld-linux-x86-64.so.2^@^D^@^@^@^P^@^@^@^A^@^@^@GNU^@^@^@^@^@^B^@^@^@^F^@^@^@ ^@^@^@^D^@^@^@^T^@^@^@^C^@^@^@GNU^@=        [e<9c><82>sw  fe  M^\^@^@^@^N^@^@^@^A^@^@^@^F^@^@^@^@^@ ^@<80>^@^@^@^@^@^@^@^N^@^@^@gUa^P^@^@^@^@^@^@^@^@^@^@^@^@^@^@^@^@^@^@^@^@^@^@^@^@^@^@^@^@L^@^@^@^R^@^@^@^@^@^@^@^@^@^@^@^@^@^@^@^@^@^@^@Q^@^@^@^R^@^@^@^@^@^@^@^@^@^@^@^@^@^@^@^@^@^@^@+^@^@^@^R^@^@^@^@^@^@^@^@^@^@^@^@^@^@^@^@^@^@^@K^@^@^@^R^@^@^@^@^@^@^@^@^@^@^@^@^@^@^@^@^@^@^@E^@^@^@^R^@^@^@^@^@^@^@^@^@^@^@^@^@^@^@^@^@^@^@=^@^@^@^R^@^@^@^@^@^@^@^@^@^@^@^@^@^@^@^@^@^@^@X^@^@^@^R^@^@^@^@^@^@^@^@^@^@^@^@^@^@^@^@^@^@^@7^@^@^@^R^@^@^@^@^@^@^@^@^@^@^@^@^@^@^@^@^@^@^@2^@^@^@^R^@^@^@^@^@^@^@^@^@^@^@^@^@^@^@^@^@^@^@j^@^@^@ ^@^@^@^@^@^@^@^@^@^@^@^@^@^@^@^@^@^@^@^P^@^@^@^R^@^@^@^@^@^@^@^@^@^@^@^@^@^@^@^@^@^@^@^V^@^@^@^R^@^@^@^@^@^@^@^@^@^@^@^@^@^@^@^@^@^@^@^K^@^@^@^R^@^@^@^@^@^@^@^@^@^@^@^@^@^@^@^@^@^@^@%^@^@^@^Q^@^Y^@<88>^P`^@^@^@^@^@^H^@^@^@^@^@^@^@^@libc.so.6^@exit^@fopen^@__isoc99_scanf^@stdin^@printf^@feof^@fgets^@strcspn^@fputc^@fputs^@fclose^@__libc_start_main^@__gmon_start__^@GLIBC_2.7^@GLIBC_2.2.5^@^@^@^@^B^@^B^@^B^@^B^@^B^@^B^@^B^@^B^@^B^@^@^@^B^@^C^@^B^@^B^@^@^@^A^@^B^@^A^@^@^@^P^@^@^@^@^@^@^@^Wii^M^@^@^C^@y^@^@^@^P^@^@^@u^Zi   ^@^@^B^@<83>^@^@^@^@^@^@^@  ^O`^@^@^@^@^@^F^@^@^@
^@^@^@^@^@^@^@^@^@^@^@<88>^P`^@^@^@^@^@^E^@^@^@^N^@^@^@^@^@^@^@^@^@^@^@^X^P`^@^@^@^@^@^G^@^@^@^A^@^@^@^@^@^@^@^@^@^@^@ ^P`^@^@^@^@^@^G^@^@^@^B^@^@^@^@^@^@^@^@^@^@^@(^P`^@^@^@^@^@^G^@^@^@^C^@^@^@^@^@^@^@^@^@^@^@0^P`^@^@^@^@^@^G^@^@^@^D^@^@^@^@^@^@^@^@^@^@^@8^P`^@^@^@^@^@^G^@^@^@^E^@^@^@^@^@^@^@^@^@^@^@@^P`^@^@^@^@^@^G^@^@^@^F^@^@^@^@^@^@^@^@^@^@^@H^P`^@^@^@^@^@^G^@^@^@^G^@^@^@^@^@^@^@^@^@^@^@P^P`^@^@^@^@^@^G^@^@^@^H^@^@^@^@^@^@^@^@^@^@^@X^P`^@^@^@^@^@^G^@^@^@  ^@^@^@^@^@^@^@^@^@^@^@`^P`^@^@^@^@^@^G^@^@^@
^@^@^@^@^@^@^@^@^@^@^@h^P`^@^@^@^@^@^G^@^@^@^K^@^@^@^@^@^@^@^@^@^@^@p^P`^@^@^@^@^@^G^@^@^@^L^@^@^@^@^@^@^@^@^@^@^@x^P`^@^@^@^@^@^G^@^@^@^M^@^@^@^@^@^@^@^@^@^@^@H<83>  ^HH<8b>E}         ^@H<85> Çt^E    ^@^@^@H<83>  ^H  ^@^@^@^@^@^@  5r     ^@  %t   ^@^O^_@^@  %r    ^@h^@^@^@^@            %j     ^@h^A^@^@^@            %b     ^@h^B^@^@^@   Ç
%Z   ^@h^D^@^@^@^@          %J     ^@h^E^@^@^@  <90>        %B  ^@h^F^@^@^@  <80>        %:  ^@h^G^@^@^@  p        %2     ^@h^H^@^@^@  `        %*     ^@h    ^@^@^@  P
%"   ^@h
^@^@^@  @        %^Z  ^@h^K^@^@^@  0        %^R    ^@h^L^@^@^@         1  I<89>  ^H<89>  H<83>    PTI   Ç
@^@H    `
@^@^@H<85>H@t@ ]H<89>    <88>^P`^@@  <^O^_<80>^@^@^@^@<80>=y^H ^@^@u^QUH<89>B]  ~ ^@^@^]^@^Ef^H ^@^A]  <^O^_@^@H<83>=O^^E ^@^@t^^@^^@^@^@^@H<85>HÇt^TU^P ^N`^@H<89><89>  ]<8{>81>_^@H^@^@^@  UH<89>  H<@^
@^@  ^@^@^@^@  I      H<8b>^U
^H ^@H<8d>E<90>  d^@^@^@H<89>    <81>      H<8d>E<90>  ^^^K@^@H<89>    P        D^E<90>^@H<8d>E<90>   ^K@^@H<89>    <8a>      H<89>E  H<83>}  ^@^O<84>  ^@^@^@  "^K@^@
<85>^_  ^@^@H<89>    h^K@^@<8^@^@^@^@  Y      ^O  <85>^_      <yt^O^O  <85>^_      <Y^O<85><82>^@^@^@H<8d>E<90>  l^K@^@H<89>    ^^      H<89>E    p^K@^@  ^@^@^@^@  <8b>
@^@^@<8^B^_    ^OH<<85>^_ h^K@^<yt^K^O  <85>^_      <Yu-  <9c>^K@^@  2      H<8b>E  H<89>    6      H<8d>E<90>    ^K@^@H<89>            H<89>E    ^L
  ^@^@^@^@            ^_    ^K@^@          H<8d>E<90>   ⌐^K@^@H<89>├ç├¿<86>├╜├┐├┐H<89>E├╕├çE├┤^A^@^@^@├½sH<8b>^U┬║^F ^@H<8d><85> ├┐├┐├┐┬╛d^@^@^@H<89>├ç├¿.├╜├┐├┐H<8d><85> ├┐├┐>U├╕H<8d><85> ├┐├┐├┐H<89>├ûH<89>├ç├¿┬╝├╝├┐├┐H<8b>E├╕H<89>├å┬┐
^@^@^@├¿┬╗├╝├┐├┐H<8b>^E\^F ^@H<89>            <85> Çt^B  ^F<83>}  ^At<87>H<8b>E  H<89>    d        ^@^@^@^@    f.^O^_<84>^@^@^@^@^@^O^_^@AWA<89>  AVI<89>  AUI<89>  ATL<8d>%<98>1C H@UH<^CH<83>>^^H^@SL)     H<85>  t^^^O^_<84>^@^@^@^@^@L<89>  L<89>  D<89>  A  ^T  H<83>  ^AH9  u  H<83>  ^H[]A\A]A^A_  <90>f.^O^_<84>^@^@^@^@^@    f<90>H<83>  ^HH<83>  ^@^@^@^@^@^@^@^@Create file (please enter the path to file): ^@
^@r^@
        File already exists!^@^@^@^@^@^@^@^@Do you want to use this file? (y/n)
-> ^@ %c^@a^@^@^@Do you want to erase all content? (y/n)
-> ^@
        Erasing...^@w^@
@                                                                                                                                                                             @                                                                                                                                                                             @                                                                                                                                                                             @                                                                                                                                                                             @                                                                                                                                                                             @                                
